<?xml version='1.0' encoding='UTF-8'?>
<testsuite hostname="DESKTOP-EEOC43J" name="todo.data.BijectionSuite" tests="7" errors="0" failures="0" skipped="0" time="0.343" timestamp="2021-05-24T15:32:36">
                     <properties>
[...]
</properties>
                     <testcase classname="todo.data.BijectionSuite" name="Task" time="0.312">
                                                 
                                               </testcase><testcase classname="todo.data.BijectionSuite" name="Task-1" time="0.016">
                                                 
                                               </testcase><testcase classname="todo.data.BijectionSuite" name="Tag" time="0.0">
                                                 
                                               </testcase><testcase classname="todo.data.BijectionSuite" name="State:Active" time="0.0">
                                                 
                                               </testcase><testcase classname="todo.data.BijectionSuite" name="State:Completed" time="0.0">
                                                 
                                               </testcase><testcase classname="todo.data.BijectionSuite" name="Id" time="0.0">
                                                 
                                               </testcase><testcase classname="todo.data.BijectionSuite" name="Tasks" time="0.015">
                                                 
                                               </testcase>
                     <system-out><![CDATA[]]></system-out>
                     <system-err><![CDATA[]]></system-err>
                   </testsuite>